<?xml version="1.0" encoding="UTF-8"?>
<Site BuildName="Win32-mingw32-make"
	BuildStamp="20231104-1901-Experimental"
	Name="UnknoWonRider"
	Generator="ctest-3.28.0-rc3"
	CompilerName="C:/MinGW/bin/g++.exe"
	CompilerVersion="6.3.0"
	OSName="Windows"
	Hostname="UnknoWonRider"
	OSRelease=" Personal"
	OSVersion=" (Build 22621)"
	OSPlatform="AMD64"
	Is64Bits="1"
	VendorString="AuthenticAMD"
	VendorID="Advanced Micro Devices"
	FamilyID="15"
	ModelID="0"
	ProcessorCacheSize="64"
	NumberOfLogicalCPU="12"
	NumberOfPhysicalCPU="6"
	TotalVirtualMemory="22881"
	TotalPhysicalMemory="7521"
	LogicalProcessorsPerPhysical="2"
	ProcessorClockFrequency="3293"
	>
	<Testing>
		<StartDateTime>Nov 05 01:38 India Standard Time</StartDateTime>
		<StartTestTime>1699128495</StartTestTime>
		<TestList/>
		<EndDateTime>Nov 05 01:38 India Standard Time</EndDateTime>
		<EndTestTime>1699128495</EndTestTime>
		<ElapsedMinutes>0</ElapsedMinutes>
	</Testing>
</Site>
